::1 - - [09/Feb/2020:03:14:47 +0000] "GET / HTTP/1.1" 404 139 "-" "Mozilla/5.0 (X11; Linux x86_64) AppleWebKit/537.36 (KHTML, like Gecko) Chrome/80.0.3987.87 Safari/537.36"
::1 - - [09/Feb/2020:03:15:36 +0000] "GET / HTTP/1.1" 200 13 "-" "Mozilla/5.0 (X11; Linux x86_64) AppleWebKit/537.36 (KHTML, like Gecko) Chrome/80.0.3987.87 Safari/537.36"
::1 - - [09/Feb/2020:03:18:39 +0000] "GET / HTTP/1.1" 304 - "-" "Mozilla/5.0 (X11; Linux x86_64) AppleWebKit/537.36 (KHTML, like Gecko) Chrome/80.0.3987.87 Safari/537.36"
::1 - - [09/Feb/2020:03:19:00 +0000] "GET / HTTP/1.1" 304 - "-" "Mozilla/5.0 (X11; Linux x86_64) AppleWebKit/537.36 (KHTML, like Gecko) Chrome/80.0.3987.87 Safari/537.36"
::1 - - [09/Feb/2020:03:22:07 +0000] "GET / HTTP/1.1" 404 139 "-" "Mozilla/5.0 (X11; Linux x86_64) AppleWebKit/537.36 (KHTML, like Gecko) Chrome/80.0.3987.87 Safari/537.36"
::1 - - [09/Feb/2020:03:23:01 +0000] "GET / HTTP/1.1" 404 139 "-" "Mozilla/5.0 (X11; Linux x86_64) AppleWebKit/537.36 (KHTML, like Gecko) Chrome/80.0.3987.87 Safari/537.36"
::1 - - [09/Feb/2020:03:26:28 +0000] "GET / HTTP/1.1" 404 139 "-" "Mozilla/5.0 (X11; Linux x86_64) AppleWebKit/537.36 (KHTML, like Gecko) Chrome/80.0.3987.87 Safari/537.36"
::1 - - [09/Feb/2020:03:27:29 +0000] "GET / HTTP/1.1" 404 139 "-" "Mozilla/5.0 (X11; Linux x86_64) AppleWebKit/537.36 (KHTML, like Gecko) Chrome/80.0.3987.87 Safari/537.36"
GET / 404 139 - 1.799 ms
GET / 404 139 - 0.380 ms
::1 - - [09/Feb/2020:13:26:17 +0000] "GET / HTTP/1.1" 404 139 "-" "Mozilla/5.0 (X11; Linux x86_64) AppleWebKit/537.36 (KHTML, like Gecko) Chrome/80.0.3987.87 Safari/537.36"
::1 - - [09/Feb/2020:13:27:22 +0000] "GET / HTTP/1.1" 404 139 "-" "Mozilla/5.0 (X11; Linux x86_64) AppleWebKit/537.36 (KHTML, like Gecko) Chrome/80.0.3987.87 Safari/537.36"
::1 - - [09/Feb/2020:14:32:18 +0000] "GET /3 HTTP/1.1" 404 140 "-" "Mozilla/5.0 (X11; Linux x86_64) AppleWebKit/537.36 (KHTML, like Gecko) Chrome/80.0.3987.87 Safari/537.36"
::1 - - [09/Feb/2020:14:36:39 +0000] "GET / HTTP/1.1" 404 139 "-" "Mozilla/5.0 (X11; Linux x86_64) AppleWebKit/537.36 (KHTML, like Gecko) Chrome/80.0.3987.87 Safari/537.36"
::1 - - [09/Feb/2020:14:44:11 +0000] "GET / HTTP/1.1" 404 139 "-" "Mozilla/5.0 (X11; Linux x86_64) AppleWebKit/537.36 (KHTML, like Gecko) Chrome/80.0.3987.87 Safari/537.36"
::1 - - [09/Feb/2020:14:44:13 +0000] "GET / HTTP/1.1" 404 139 "-" "Mozilla/5.0 (X11; Linux x86_64) AppleWebKit/537.36 (KHTML, like Gecko) Chrome/80.0.3987.87 Safari/537.36"
::1 - - [09/Feb/2020:14:44:15 +0000] "GET / HTTP/1.1" 404 139 "-" "Mozilla/5.0 (X11; Linux x86_64) AppleWebKit/537.36 (KHTML, like Gecko) Chrome/80.0.3987.87 Safari/537.36"
::1 - - [09/Feb/2020:14:44:15 +0000] "GET / HTTP/1.1" 404 139 "-" "Mozilla/5.0 (X11; Linux x86_64) AppleWebKit/537.36 (KHTML, like Gecko) Chrome/80.0.3987.87 Safari/537.36"
::1 - - [09/Feb/2020:14:44:15 +0000] "GET / HTTP/1.1" 404 139 "-" "Mozilla/5.0 (X11; Linux x86_64) AppleWebKit/537.36 (KHTML, like Gecko) Chrome/80.0.3987.87 Safari/537.36"
::1 - - [09/Feb/2020:14:44:16 +0000] "GET / HTTP/1.1" 404 139 "-" "Mozilla/5.0 (X11; Linux x86_64) AppleWebKit/537.36 (KHTML, like Gecko) Chrome/80.0.3987.87 Safari/537.36"
::1 - - [09/Feb/2020:14:44:16 +0000] "GET / HTTP/1.1" 404 139 "-" "Mozilla/5.0 (X11; Linux x86_64) AppleWebKit/537.36 (KHTML, like Gecko) Chrome/80.0.3987.87 Safari/537.36"
::1 - - [09/Feb/2020:14:44:16 +0000] "GET / HTTP/1.1" 404 139 "-" "Mozilla/5.0 (X11; Linux x86_64) AppleWebKit/537.36 (KHTML, like Gecko) Chrome/80.0.3987.87 Safari/537.36"
::1 - - [09/Feb/2020:14:44:16 +0000] "GET / HTTP/1.1" 404 139 "-" "Mozilla/5.0 (X11; Linux x86_64) AppleWebKit/537.36 (KHTML, like Gecko) Chrome/80.0.3987.87 Safari/537.36"
::1 - - [09/Feb/2020:14:44:16 +0000] "GET / HTTP/1.1" 404 139 "-" "Mozilla/5.0 (X11; Linux x86_64) AppleWebKit/537.36 (KHTML, like Gecko) Chrome/80.0.3987.87 Safari/537.36"
::1 - - [09/Feb/2020:14:44:17 +0000] "GET / HTTP/1.1" 404 139 "-" "Mozilla/5.0 (X11; Linux x86_64) AppleWebKit/537.36 (KHTML, like Gecko) Chrome/80.0.3987.87 Safari/537.36"
::1 - - [09/Feb/2020:14:44:17 +0000] "GET / HTTP/1.1" 404 139 "-" "Mozilla/5.0 (X11; Linux x86_64) AppleWebKit/537.36 (KHTML, like Gecko) Chrome/80.0.3987.87 Safari/537.36"
::1 - - [09/Feb/2020:14:44:17 +0000] "GET / HTTP/1.1" 404 139 "-" "Mozilla/5.0 (X11; Linux x86_64) AppleWebKit/537.36 (KHTML, like Gecko) Chrome/80.0.3987.87 Safari/537.36"
::1 - - [09/Feb/2020:14:44:17 +0000] "GET / HTTP/1.1" 404 139 "-" "Mozilla/5.0 (X11; Linux x86_64) AppleWebKit/537.36 (KHTML, like Gecko) Chrome/80.0.3987.87 Safari/537.36"
::1 - - [09/Feb/2020:14:44:51 +0000] "GET / HTTP/1.1" 404 139 "-" "Mozilla/5.0 (X11; Linux x86_64) AppleWebKit/537.36 (KHTML, like Gecko) Chrome/80.0.3987.87 Safari/537.36"
::1 - - [09/Feb/2020:14:45:07 +0000] "GET / HTTP/1.1" 404 139 "-" "Mozilla/5.0 (X11; Linux x86_64) AppleWebKit/537.36 (KHTML, like Gecko) Chrome/80.0.3987.87 Safari/537.36"
::1 - - [09/Feb/2020:14:49:29 +0000] "GET / HTTP/1.1" 404 139 "-" "Mozilla/5.0 (X11; Linux x86_64) AppleWebKit/537.36 (KHTML, like Gecko) Chrome/80.0.3987.87 Safari/537.36"
::1 - - [09/Feb/2020:15:00:50 +0000] "GET / HTTP/1.1" 404 139 "-" "Mozilla/5.0 (X11; Linux x86_64) AppleWebKit/537.36 (KHTML, like Gecko) Chrome/80.0.3987.87 Safari/537.36"
::1 - - [09/Feb/2020:17:07:26 +0000] "GET /api/persons HTTP/1.1" 304 - "-" "Mozilla/5.0 (X11; Linux x86_64) AppleWebKit/537.36 (KHTML, like Gecko) Chrome/80.0.3987.87 Safari/537.36"
::1 - - [09/Feb/2020:17:07:43 +0000] "GET /api/persons/3 HTTP/1.1" 304 - "-" "Mozilla/5.0 (X11; Linux x86_64) AppleWebKit/537.36 (KHTML, like Gecko) Chrome/80.0.3987.87 Safari/537.36"
::1 - - [09/Feb/2020:17:08:13 +0000] "GET /api/persons/3 HTTP/1.1" 304 - "-" "Mozilla/5.0 (X11; Linux x86_64) AppleWebKit/537.36 (KHTML, like Gecko) Chrome/80.0.3987.87 Safari/537.36"
::ffff:127.0.0.1 - - [09/Feb/2020:17:08:45 +0000] "POST /api/persons HTTP/1.1" 200 53 "-" "vscode-restclient"
::ffff:127.0.0.1 - - [09/Feb/2020:17:09:15 +0000] "GET /api/persons HTTP/1.1" 200 279 "-" "vscode-restclient"
::ffff:127.0.0.1 - - [09/Feb/2020:17:09:24 +0000] "DELETE /api/persons/6/ HTTP/1.1" 204 - "-" "vscode-restclient"
::ffff:127.0.0.1 - - [09/Feb/2020:17:09:35 +0000] "GET /api/persons HTTP/1.1" 200 279 "-" "vscode-restclient"
::ffff:127.0.0.1 - - [09/Feb/2020:17:09:45 +0000] "DELETE /api/persons/5/ HTTP/1.1" 204 - "-" "vscode-restclient"
::ffff:127.0.0.1 - - [09/Feb/2020:17:09:53 +0000] "GET /api/persons HTTP/1.1" 200 225 "-" "vscode-restclient"
::ffff:127.0.0.1 - - [09/Feb/2020:17:10:23 +0000] "GET /api/persons HTTP/1.1" 200 225 "-" "vscode-restclient"
::ffff:127.0.0.1 - - [09/Feb/2020:17:10:38 +0000] "POST /api/persons HTTP/1.1" 200 51 "-" "vscode-restclient"
::ffff:127.0.0.1 - - [09/Feb/2020:17:10:58 +0000] "DELETE /api/persons/5/ HTTP/1.1" 204 - "-" "vscode-restclient"
::ffff:127.0.0.1 - - [09/Feb/2020:17:35:45 +0000] "GET /api/persons HTTP/1.1" 200 225 "http://localhost:3000/" "Mozilla/5.0 (X11; Ubuntu; Linux x86_64; rv:72.0) Gecko/20100101 Firefox/72.0"
::1 - - [09/Feb/2020:17:37:43 +0000] "GET /api/persons HTTP/1.1" 304 - "http://localhost:3000/" "Mozilla/5.0 (X11; Linux x86_64) AppleWebKit/537.36 (KHTML, like Gecko) Chrome/80.0.3987.87 Safari/537.36"
::1 - - [09/Feb/2020:17:37:51 +0000] "OPTIONS /api/persons HTTP/1.1" 204 0 "http://localhost:3000/" "Mozilla/5.0 (X11; Linux x86_64) AppleWebKit/537.36 (KHTML, like Gecko) Chrome/80.0.3987.87 Safari/537.36"
::1 - - [09/Feb/2020:17:37:51 +0000] "POST /api/persons HTTP/1.1" 200 41 "http://localhost:3000/" "Mozilla/5.0 (X11; Linux x86_64) AppleWebKit/537.36 (KHTML, like Gecko) Chrome/80.0.3987.87 Safari/537.36"
::1 - - [09/Feb/2020:17:37:59 +0000] "GET /api/persons/ HTTP/1.1" 200 267 "-" "Mozilla/5.0 (X11; Linux x86_64) AppleWebKit/537.36 (KHTML, like Gecko) Chrome/80.0.3987.87 Safari/537.36"
::1 - - [09/Feb/2020:17:38:05 +0000] "OPTIONS /api/persons/5 HTTP/1.1" 204 0 "http://localhost:3000/" "Mozilla/5.0 (X11; Linux x86_64) AppleWebKit/537.36 (KHTML, like Gecko) Chrome/80.0.3987.87 Safari/537.36"
::1 - - [09/Feb/2020:17:38:05 +0000] "DELETE /api/persons/5 HTTP/1.1" 204 - "http://localhost:3000/" "Mozilla/5.0 (X11; Linux x86_64) AppleWebKit/537.36 (KHTML, like Gecko) Chrome/80.0.3987.87 Safari/537.36"
::1 - - [09/Feb/2020:17:38:08 +0000] "GET /api/persons/ HTTP/1.1" 200 225 "-" "Mozilla/5.0 (X11; Linux x86_64) AppleWebKit/537.36 (KHTML, like Gecko) Chrome/80.0.3987.87 Safari/537.36"
